2023-06-22 10:00:03 DEBUG    upscale2x: scaling 2x from 1920x1080 with engine=2x_AnimeJaNai_V2_Compact_36k; num_streams=2
2023-06-22 10:00:03 DEBUG    upscale2x: scaling 2x from 1920x1080 with engine=2x_AnimeJaNai_V2_Compact_36k; num_streams=2
2023-06-22 10:01:15 DEBUG    upscale2x: scaling 2x from 1920x1080 with engine=2x_AnimeJaNai_V2_Compact_36k; num_streams=2
2023-06-22 10:02:40 DEBUG    upscale2x: scaling 2x from 1920x1080 with engine=2x_AnimeJaNai_V2_UltraCompact_30k; num_streams=2
2023-06-22 10:04:20 DEBUG    upscale2x: scaling 2x from 640x360 with engine=2x_AnimeJaNai_V2_Compact_36k; num_streams=2
2023-06-22 10:04:20 DEBUG    upscale2x: scaling 2x from 1280x720 with engine=2x_AnimeJaNai_V2_UltraCompact_30k; num_streams=2
2023-06-22 10:04:39 DEBUG    upscale2x: scaling 2x from 853x480 with engine=2x_AnimeJaNai_V2_Compact_36k; num_streams=2
2023-06-22 10:04:40 DEBUG    upscale2x: scaling 2x from 1706x960 with engine=2x_AnimeJaNai_V2_UltraCompact_30k; num_streams=2
2023-06-22 10:04:53 DEBUG    upscale2x: scaling 2x from 853x480 with engine=2x_AnimeJaNai_V2_Compact_36k; num_streams=2
2023-06-22 10:04:53 DEBUG    upscale2x: scaling 2x from 1706x960 with engine=2x_AnimeJaNai_V2_UltraCompact_30k; num_streams=2
2023-06-22 10:05:02 DEBUG    upscale2x: scaling 2x from 1920x1080 with engine=2x_AnimeJaNai_V2_Compact_36k; num_streams=2
2023-06-22 10:05:09 DEBUG    upscale2x: scaling 2x from 853x480 with engine=2x_AnimeJaNai_V2_Compact_36k; num_streams=2
2023-06-22 10:05:09 DEBUG    upscale2x: scaling 2x from 1706x960 with engine=2x_AnimeJaNai_V2_UltraCompact_30k; num_streams=2
2023-06-22 10:05:37 DEBUG    upscale2x: scaling 2x from 1920x1080 with engine=2x_AnimeJaNai_V2_Compact_36k; num_streams=2
2023-06-22 10:06:01 DEBUG    upscale2x: scaling 2x from 1920x1080 with engine=2x_AnimeJaNai_V2_Compact_36k; num_streams=2
2023-06-22 10:06:11 DEBUG    upscale2x: scaling 2x from 640x360 with engine=2x_AnimeJaNai_V2_Compact_36k; num_streams=2
2023-06-22 10:06:11 DEBUG    upscale2x: scaling 2x from 1280x720 with engine=2x_AnimeJaNai_V2_UltraCompact_30k; num_streams=2
2023-06-22 10:06:41 DEBUG    upscale2x: scaling 2x from 1920x1080 with engine=2x_AnimeJaNai_V2_Compact_36k; num_streams=2
2023-06-22 10:08:09 DEBUG    upscale2x: scaling 2x from 1920x1080 with engine=2x_AnimeJaNai_V2_Compact_36k; num_streams=2
2023-06-22 10:11:57 DEBUG    upscale2x: scaling 2x from 712x478 with engine=2x_AnimeJaNai_V2_Compact_36k; num_streams=2
2023-06-22 10:11:58 DEBUG    upscale2x: scaling 2x from 1424x956 with engine=2x_AnimeJaNai_V2_Compact_36k; num_streams=2
2023-06-22 10:12:05 DEBUG    upscale2x: scaling 2x from 712x478 with engine=2x_AnimeJaNai_V2_Compact_36k; num_streams=2
2023-06-22 10:12:05 DEBUG    upscale2x: scaling 2x from 1424x956 with engine=2x_AnimeJaNai_V2_Compact_36k; num_streams=2
2023-06-22 10:12:57 DEBUG    upscale2x: scaling 2x from 640x480 with engine=2x_AnimeJaNai_V2_SuperUltraCompact_100k; num_streams=2
2023-06-22 10:21:25 DEBUG    upscale2x: scaling 2x from 640x480 with engine=2x_AnimeJaNai_V2_Compact_36k; num_streams=2
2023-06-22 10:21:26 DEBUG    upscale2x: scaling 2x from 1280x960 with engine=2x_AnimeJaNai_V2_Compact_36k; num_streams=2
2023-06-22 10:21:29 DEBUG    upscale2x: scaling 2x from 640x480 with engine=2x_AnimeJaNai_V2_SuperUltraCompact_100k; num_streams=2
2023-06-22 10:26:01 DEBUG    upscale2x: scaling 2x from 640x480 with engine=2x_AnimeJaNai_V2_SuperUltraCompact_100k; num_streams=2
2023-06-22 10:28:09 DEBUG    upscale2x: scaling 2x from 640x480 with engine=2x_AnimeJaNai_V2_SuperUltraCompact_100k; num_streams=2
2023-06-22 10:30:48 DEBUG    upscale2x: scaling 2x from 640x480 with engine=2x_AnimeJaNai_V2_SuperUltraCompact_100k; num_streams=2
2023-06-22 10:31:37 DEBUG    upscale2x: scaling 2x from 640x480 with engine=2x_AnimeJaNai_V2_SuperUltraCompact_100k; num_streams=2
2023-06-22 10:33:49 DEBUG    upscale2x: scaling 2x from 1280x720 with engine=2x_AnimeJaNai_V2_Compact_36k; num_streams=2
2023-06-22 10:33:50 DEBUG    upscale2x: scaling 2x from 1920x1080 with engine=2x_AnimeJaNai_V2_Compact_36k; num_streams=2
2023-06-22 10:34:03 DEBUG    upscale2x: scaling 2x from 1280x720 with engine=2x_AnimeJaNai_V2_Compact_36k; num_streams=2
2023-06-22 10:34:04 DEBUG    upscale2x: scaling 2x from 1920x1080 with engine=2x_AnimeJaNai_V2_Compact_36k; num_streams=2
2023-06-22 10:34:34 DEBUG    upscale2x: scaling 2x from 1280x720 with engine=2x_AnimeJaNai_V2_Compact_36k; num_streams=2
2023-06-22 10:34:34 DEBUG    upscale2x: scaling 2x from 1920x1080 with engine=2x_AnimeJaNai_V2_Compact_36k; num_streams=2
2023-06-22 10:36:42 DEBUG    upscale2x: scaling 2x from 1920x1080 with engine=2x_AnimeJaNai_V2_Compact_36k; num_streams=2
2023-06-22 10:36:57 DEBUG    upscale2x: scaling 2x from 1920x1080 with engine=2x_AnimeJaNai_V2_Compact_36k; num_streams=2
2023-06-22 10:37:08 DEBUG    upscale2x: scaling 2x from 1920x1080 with engine=2x_AnimeJaNai_V2_Compact_36k; num_streams=2
2023-06-22 10:37:46 DEBUG    upscale2x: scaling 2x from 640x480 with engine=2x_AnimeJaNai_V2_Compact_36k; num_streams=2
2023-06-22 10:37:47 DEBUG    upscale2x: scaling 2x from 1280x960 with engine=2x_AnimeJaNai_V2_Compact_36k; num_streams=2
2023-06-22 10:37:52 DEBUG    upscale2x: scaling 2x from 640x480 with engine=2x_AnimeJaNai_V2_Compact_36k; num_streams=2
2023-06-22 10:37:52 DEBUG    upscale2x: scaling 2x from 1280x960 with engine=2x_AnimeJaNai_V2_Compact_36k; num_streams=2
2023-06-22 10:38:01 DEBUG    upscale2x: scaling 2x from 640x480 with engine=2x_AnimeJaNai_V2_Compact_36k; num_streams=2
2023-06-22 10:38:01 DEBUG    upscale2x: scaling 2x from 1280x960 with engine=2x_AnimeJaNai_V2_Compact_36k; num_streams=2
2023-06-22 10:38:04 DEBUG    upscale2x: scaling 2x from 640x480 with engine=2x_AnimeJaNai_V2_Compact_36k; num_streams=2
2023-06-22 10:38:04 DEBUG    upscale2x: scaling 2x from 1280x960 with engine=2x_AnimeJaNai_V2_Compact_36k; num_streams=2
2023-06-22 10:38:11 DEBUG    upscale2x: scaling 2x from 640x480 with engine=2x_AnimeJaNai_V2_Compact_36k; num_streams=2
2023-06-22 10:38:11 DEBUG    upscale2x: scaling 2x from 1280x960 with engine=2x_AnimeJaNai_V2_Compact_36k; num_streams=2
2023-06-22 10:38:38 DEBUG    upscale2x: scaling 2x from 640x480 with engine=2x_AnimeJaNai_V2_SuperUltraCompact_100k; num_streams=2
2023-06-22 10:38:54 DEBUG    upscale2x: scaling 2x from 640x480 with engine=2x_AnimeJaNai_V2_Compact_36k; num_streams=2
2023-06-22 10:38:55 DEBUG    upscale2x: scaling 2x from 1280x960 with engine=2x_AnimeJaNai_V2_Compact_36k; num_streams=2
2023-06-22 10:39:24 DEBUG    upscale2x: scaling 2x from 1920x1080 with engine=2x_AnimeJaNai_V2_Compact_36k; num_streams=2
2023-06-22 10:39:47 DEBUG    upscale2x: scaling 2x from 1920x1080 with engine=2x_AnimeJaNai_V2_Compact_36k; num_streams=2
2023-06-22 10:40:14 DEBUG    upscale2x: scaling 2x from 1920x1080 with engine=2x_AnimeJaNai_V2_Compact_36k; num_streams=2
2023-06-22 10:41:26 DEBUG    upscale2x: scaling 2x from 1920x1080 with engine=2x_AnimeJaNai_V2_Compact_36k; num_streams=2
2023-06-22 10:42:11 DEBUG    upscale2x: scaling 2x from 1920x1080 with engine=2x_AnimeJaNai_V2_Compact_36k; num_streams=2
2023-06-22 10:42:40 DEBUG    upscale2x: scaling 2x from 1920x1080 with engine=2x_AnimeJaNai_V2_Compact_36k; num_streams=2
2023-06-22 10:42:52 DEBUG    upscale2x: scaling 2x from 1920x1080 with engine=2x_AnimeJaNai_V2_Compact_36k; num_streams=2
2023-06-22 10:43:07 DEBUG    upscale2x: scaling 2x from 1920x1080 with engine=2x_AnimeJaNai_V2_Compact_36k; num_streams=2
2023-06-22 10:43:36 DEBUG    upscale2x: scaling 2x from 1920x1080 with engine=2x_AnimeJaNai_V2_Compact_36k; num_streams=2
2023-06-22 10:44:01 DEBUG    upscale2x: scaling 2x from 1920x1080 with engine=2x_AnimeJaNai_V2_Compact_36k; num_streams=2
2023-06-22 10:44:46 DEBUG    upscale2x: scaling 2x from 1920x1080 with engine=2x_AnimeJaNai_V2_Compact_36k; num_streams=2
2023-06-22 10:44:58 DEBUG    upscale2x: scaling 2x from 1920x1080 with engine=2x_AnimeJaNai_V2_Compact_36k; num_streams=2
2023-06-22 10:45:13 DEBUG    upscale2x: scaling 2x from 1920x1080 with engine=2x_AnimeJaNai_V2_Compact_36k; num_streams=2
2023-06-22 10:45:26 DEBUG    upscale2x: scaling 2x from 1920x1080 with engine=2x_AnimeJaNai_V2_Compact_36k; num_streams=2
2023-06-22 10:45:54 DEBUG    upscale2x: scaling 2x from 1920x1080 with engine=2x_AnimeJaNai_V2_Compact_36k; num_streams=2
2023-06-22 10:46:24 DEBUG    upscale2x: scaling 2x from 1920x1080 with engine=2x_AnimeJaNai_V2_Compact_36k; num_streams=2
2023-06-22 10:46:34 DEBUG    upscale2x: scaling 2x from 1920x1080 with engine=2x_AnimeJaNai_V2_Compact_36k; num_streams=2
2023-06-22 10:47:02 DEBUG    upscale2x: scaling 2x from 1920x1080 with engine=2x_AnimeJaNai_V2_Compact_36k; num_streams=2
2023-06-22 10:47:12 DEBUG    upscale2x: scaling 2x from 1920x1080 with engine=2x_AnimeJaNai_V2_Compact_36k; num_streams=2
2023-06-22 10:47:48 DEBUG    upscale2x: scaling 2x from 1920x1080 with engine=2x_AnimeJaNai_V2_Compact_36k; num_streams=2
2023-06-22 10:48:03 DEBUG    upscale2x: scaling 2x from 1920x1080 with engine=2x_AnimeJaNai_V2_Compact_36k; num_streams=2
2023-06-22 10:48:34 DEBUG    upscale2x: scaling 2x from 1920x1080 with engine=2x_AnimeJaNai_V2_Compact_36k; num_streams=2
2023-06-22 10:48:54 DEBUG    upscale2x: scaling 2x from 1920x1080 with engine=2x_AnimeJaNai_V2_Compact_36k; num_streams=2
2023-06-22 10:49:07 DEBUG    upscale2x: scaling 2x from 1920x1080 with engine=2x_AnimeJaNai_V2_Compact_36k; num_streams=2
2023-06-22 10:49:43 DEBUG    upscale2x: scaling 2x from 1920x1080 with engine=2x_AnimeJaNai_V2_Compact_36k; num_streams=2
2023-06-22 10:49:51 DEBUG    upscale2x: scaling 2x from 1920x1080 with engine=2x_AnimeJaNai_V2_Compact_36k; num_streams=2
2023-06-22 10:50:00 DEBUG    upscale2x: scaling 2x from 1920x1080 with engine=2x_AnimeJaNai_V2_Compact_36k; num_streams=2
2023-06-22 10:50:32 DEBUG    upscale2x: scaling 2x from 1920x1080 with engine=2x_AnimeJaNai_V2_Compact_36k; num_streams=2
2023-06-22 10:51:29 DEBUG    upscale2x: scaling 2x from 1920x1080 with engine=2x_AnimeJaNai_V2_Compact_36k; num_streams=2
2023-06-22 10:51:38 DEBUG    upscale2x: scaling 2x from 1920x1080 with engine=2x_AnimeJaNai_V2_Compact_36k; num_streams=2
2023-06-22 10:51:52 DEBUG    upscale2x: scaling 2x from 1920x1080 with engine=2x_AnimeJaNai_V2_Compact_36k; num_streams=2
2023-06-22 10:53:16 DEBUG    upscale2x: scaling 2x from 1920x1080 with engine=2x_AnimeJaNai_V2_Compact_36k; num_streams=2
2023-06-22 10:53:49 DEBUG    upscale2x: scaling 2x from 1920x1080 with engine=2x_AnimeJaNai_V2_Compact_36k; num_streams=2
2023-06-22 10:55:34 DEBUG    upscale2x: scaling 2x from 1920x1080 with engine=2x_AnimeJaNai_V2_Compact_36k; num_streams=2
2023-06-22 10:56:21 DEBUG    upscale2x: scaling 2x from 1920x1080 with engine=2x_AnimeJaNai_V2_Compact_36k; num_streams=2
2023-06-22 10:56:59 DEBUG    upscale2x: scaling 2x from 1920x1080 with engine=2x_AnimeJaNai_V2_Compact_36k; num_streams=2
2023-06-22 11:34:13 DEBUG    upscale2x: scaling 2x from 1280x720 with engine=2x_AnimeJaNai_V2_Compact_36k; num_streams=2
2023-06-22 11:35:22 DEBUG    upscale2x: scaling 2x from 1920x1080 with engine=2x_AnimeJaNai_V2_Compact_36k; num_streams=2
2023-06-22 11:43:30 DEBUG    upscale2x: scaling 2x from 1280x720 with engine=2x_AnimeJaNai_V2_Compact_36k; num_streams=2
2023-06-22 11:43:31 DEBUG    upscale2x: scaling 2x from 1920x1080 with engine=2x_AnimeJaNai_V2_Compact_36k; num_streams=2
2023-06-22 11:43:52 DEBUG    upscale2x: scaling 2x from 1920x1080 with engine=2x_AnimeJaNai_V2_Compact_36k; num_streams=2
2023-06-22 11:44:55 DEBUG    upscale2x: scaling 2x from 1920x1080 with engine=2x_AnimeJaNai_V2_Compact_36k; num_streams=2
2023-06-22 11:45:04 DEBUG    upscale2x: scaling 2x from 1920x1080 with engine=2x_AnimeJaNai_V2_Compact_36k; num_streams=2
2023-06-22 11:45:22 DEBUG    upscale2x: scaling 2x from 1920x1080 with engine=2x_AnimeJaNai_V2_Compact_36k; num_streams=2
2023-06-22 11:45:36 DEBUG    upscale2x: scaling 2x from 1920x1080 with engine=2x_AnimeJaNai_V2_Compact_36k; num_streams=2
2023-06-22 11:49:41 DEBUG    upscale2x: scaling 2x from 1280x720 with engine=2x_AnimeJaNai_V2_Compact_36k; num_streams=2
2023-06-22 11:49:41 DEBUG    upscale2x: scaling 2x from 1920x1080 with engine=2x_AnimeJaNai_V2_Compact_36k; num_streams=2
2023-06-22 11:50:00 DEBUG    upscale2x: scaling 2x from 1280x720 with engine=2x_AnimeJaNai_V2_Compact_36k; num_streams=2
2023-06-22 11:50:01 DEBUG    upscale2x: scaling 2x from 1920x1080 with engine=2x_AnimeJaNai_V2_UltraCompact_30k; num_streams=2
2023-06-22 11:50:13 DEBUG    upscale2x: scaling 2x from 1280x720 with engine=2x_AnimeJaNai_V2_Compact_36k; num_streams=2
2023-06-22 11:50:14 DEBUG    upscale2x: scaling 2x from 1920x1080 with engine=2x_AnimeJaNai_V2_SuperUltraCompact_100k; num_streams=2
2023-06-22 11:50:23 DEBUG    upscale2x: scaling 2x from 1280x720 with engine=2x_AnimeJaNai_V2_Compact_36k; num_streams=2
2023-06-22 11:50:29 DEBUG    upscale2x: scaling 2x from 1280x720 with engine=2x_AnimeJaNai_V2_UltraCompact_30k; num_streams=2
2023-06-22 11:50:30 DEBUG    upscale2x: scaling 2x from 1920x1080 with engine=2x_AnimeJaNai_V2_UltraCompact_30k; num_streams=2
2023-06-22 11:50:40 DEBUG    upscale2x: scaling 2x from 1280x720 with engine=2x_AnimeJaNai_V2_UltraCompact_30k; num_streams=2
2023-06-22 11:50:40 DEBUG    upscale2x: scaling 2x from 1920x1080 with engine=2x_AnimeJaNai_V2_SuperUltraCompact_100k; num_streams=2
2023-06-22 11:50:48 DEBUG    upscale2x: scaling 2x from 1280x720 with engine=2x_AnimeJaNai_V2_UltraCompact_30k; num_streams=2
2023-06-22 11:50:52 DEBUG    upscale2x: scaling 2x from 1280x720 with engine=2x_AnimeJaNai_V2_SuperUltraCompact_100k; num_streams=2
2023-06-22 11:50:53 DEBUG    upscale2x: scaling 2x from 1920x1080 with engine=2x_AnimeJaNai_V2_SuperUltraCompact_100k; num_streams=2
2023-06-22 11:51:01 DEBUG    upscale2x: scaling 2x from 1280x720 with engine=2x_AnimeJaNai_V2_SuperUltraCompact_100k; num_streams=2
2023-06-22 11:52:16 DEBUG    upscale2x: scaling 2x from 1280x720 with engine=2x_AnimeJaNai_V2_Compact_36k; num_streams=2
2023-06-22 11:52:16 DEBUG    upscale2x: scaling 2x from 1920x1080 with engine=2x_AnimeJaNai_V2_Compact_36k; num_streams=2
2023-06-22 11:52:36 DEBUG    upscale2x: scaling 2x from 1280x720 with engine=2x_AnimeJaNai_V2_Compact_36k; num_streams=2
2023-06-22 11:52:36 DEBUG    upscale2x: scaling 2x from 1920x1080 with engine=2x_AnimeJaNai_V2_UltraCompact_30k; num_streams=2
2023-06-22 11:52:50 DEBUG    upscale2x: scaling 2x from 1280x720 with engine=2x_AnimeJaNai_V2_Compact_36k; num_streams=2
2023-06-22 11:52:50 DEBUG    upscale2x: scaling 2x from 1920x1080 with engine=2x_AnimeJaNai_V2_SuperUltraCompact_100k; num_streams=2
2023-06-22 11:53:00 DEBUG    upscale2x: scaling 2x from 1280x720 with engine=2x_AnimeJaNai_V2_Compact_36k; num_streams=2
2023-06-22 11:53:07 DEBUG    upscale2x: scaling 2x from 1280x720 with engine=2x_AnimeJaNai_V2_UltraCompact_30k; num_streams=2
2023-06-22 11:53:07 DEBUG    upscale2x: scaling 2x from 1920x1080 with engine=2x_AnimeJaNai_V2_UltraCompact_30k; num_streams=2
2023-06-22 11:53:18 DEBUG    upscale2x: scaling 2x from 1280x720 with engine=2x_AnimeJaNai_V2_UltraCompact_30k; num_streams=2
2023-06-22 11:53:18 DEBUG    upscale2x: scaling 2x from 1920x1080 with engine=2x_AnimeJaNai_V2_SuperUltraCompact_100k; num_streams=2
2023-06-22 11:53:27 DEBUG    upscale2x: scaling 2x from 1280x720 with engine=2x_AnimeJaNai_V2_UltraCompact_30k; num_streams=2
2023-06-22 11:53:31 DEBUG    upscale2x: scaling 2x from 1280x720 with engine=2x_AnimeJaNai_V2_SuperUltraCompact_100k; num_streams=2
2023-06-22 11:53:31 DEBUG    upscale2x: scaling 2x from 1920x1080 with engine=2x_AnimeJaNai_V2_SuperUltraCompact_100k; num_streams=2
2023-06-22 11:53:40 DEBUG    upscale2x: scaling 2x from 1280x720 with engine=2x_AnimeJaNai_V2_SuperUltraCompact_100k; num_streams=2
2023-06-22 11:53:43 DEBUG    upscale2x: scaling 2x from 1920x1080 with engine=2x_AnimeJaNai_V2_Compact_36k; num_streams=2
2023-06-22 11:53:57 DEBUG    upscale2x: scaling 2x from 1920x1080 with engine=2x_AnimeJaNai_V2_UltraCompact_30k; num_streams=2
2023-06-22 11:54:05 DEBUG    upscale2x: scaling 2x from 1920x1080 with engine=2x_AnimeJaNai_V2_SuperUltraCompact_100k; num_streams=2
2023-06-22 11:54:11 DEBUG    upscale2x: scaling 2x from 480x360 with engine=2x_AnimeJaNai_V2_Compact_36k; num_streams=2
2023-06-22 11:54:12 DEBUG    upscale2x: scaling 2x from 960x720 with engine=2x_AnimeJaNai_V2_Compact_36k; num_streams=2
2023-06-22 11:54:18 DEBUG    upscale2x: scaling 2x from 480x360 with engine=2x_AnimeJaNai_V2_Compact_36k; num_streams=2
2023-06-22 11:54:18 DEBUG    upscale2x: scaling 2x from 960x720 with engine=2x_AnimeJaNai_V2_UltraCompact_30k; num_streams=2
2023-06-22 11:54:22 DEBUG    upscale2x: scaling 2x from 480x360 with engine=2x_AnimeJaNai_V2_Compact_36k; num_streams=2
2023-06-22 11:54:22 DEBUG    upscale2x: scaling 2x from 960x720 with engine=2x_AnimeJaNai_V2_SuperUltraCompact_100k; num_streams=2
2023-06-22 11:54:24 DEBUG    upscale2x: scaling 2x from 480x360 with engine=2x_AnimeJaNai_V2_Compact_36k; num_streams=2
2023-06-22 11:54:26 DEBUG    upscale2x: scaling 2x from 480x360 with engine=2x_AnimeJaNai_V2_UltraCompact_30k; num_streams=2
2023-06-22 11:54:27 DEBUG    upscale2x: scaling 2x from 960x720 with engine=2x_AnimeJaNai_V2_UltraCompact_30k; num_streams=2
2023-06-22 11:54:30 DEBUG    upscale2x: scaling 2x from 480x360 with engine=2x_AnimeJaNai_V2_UltraCompact_30k; num_streams=2
2023-06-22 11:54:30 DEBUG    upscale2x: scaling 2x from 960x720 with engine=2x_AnimeJaNai_V2_SuperUltraCompact_100k; num_streams=2
2023-06-22 11:54:33 DEBUG    upscale2x: scaling 2x from 480x360 with engine=2x_AnimeJaNai_V2_UltraCompact_30k; num_streams=2
2023-06-22 11:54:34 DEBUG    upscale2x: scaling 2x from 480x360 with engine=2x_AnimeJaNai_V2_SuperUltraCompact_100k; num_streams=2
2023-06-22 11:54:34 DEBUG    upscale2x: scaling 2x from 960x720 with engine=2x_AnimeJaNai_V2_SuperUltraCompact_100k; num_streams=2
2023-06-22 11:54:37 DEBUG    upscale2x: scaling 2x from 480x360 with engine=2x_AnimeJaNai_V2_SuperUltraCompact_100k; num_streams=2
2023-06-22 11:54:38 DEBUG    upscale2x: scaling 2x from 640x480 with engine=2x_AnimeJaNai_V2_Compact_36k; num_streams=2
2023-06-22 11:54:38 DEBUG    upscale2x: scaling 2x from 1280x960 with engine=2x_AnimeJaNai_V2_Compact_36k; num_streams=2
2023-06-22 11:54:48 DEBUG    upscale2x: scaling 2x from 640x480 with engine=2x_AnimeJaNai_V2_Compact_36k; num_streams=2
2023-06-22 11:54:49 DEBUG    upscale2x: scaling 2x from 1280x960 with engine=2x_AnimeJaNai_V2_UltraCompact_30k; num_streams=2
2023-06-22 11:54:55 DEBUG    upscale2x: scaling 2x from 640x480 with engine=2x_AnimeJaNai_V2_Compact_36k; num_streams=2
2023-06-22 11:54:55 DEBUG    upscale2x: scaling 2x from 1280x960 with engine=2x_AnimeJaNai_V2_SuperUltraCompact_100k; num_streams=2
2023-06-22 11:54:59 DEBUG    upscale2x: scaling 2x from 640x480 with engine=2x_AnimeJaNai_V2_Compact_36k; num_streams=2
2023-06-22 11:55:02 DEBUG    upscale2x: scaling 2x from 640x480 with engine=2x_AnimeJaNai_V2_UltraCompact_30k; num_streams=2
2023-06-22 11:55:02 DEBUG    upscale2x: scaling 2x from 1280x960 with engine=2x_AnimeJaNai_V2_UltraCompact_30k; num_streams=2
2023-06-22 11:55:08 DEBUG    upscale2x: scaling 2x from 640x480 with engine=2x_AnimeJaNai_V2_UltraCompact_30k; num_streams=2
2023-06-22 11:55:08 DEBUG    upscale2x: scaling 2x from 1280x960 with engine=2x_AnimeJaNai_V2_SuperUltraCompact_100k; num_streams=2
2023-06-22 11:55:12 DEBUG    upscale2x: scaling 2x from 640x480 with engine=2x_AnimeJaNai_V2_UltraCompact_30k; num_streams=2
2023-06-22 11:55:14 DEBUG    upscale2x: scaling 2x from 640x480 with engine=2x_AnimeJaNai_V2_SuperUltraCompact_100k; num_streams=2
2023-06-22 11:55:14 DEBUG    upscale2x: scaling 2x from 1280x960 with engine=2x_AnimeJaNai_V2_SuperUltraCompact_100k; num_streams=2
2023-06-22 11:55:18 DEBUG    upscale2x: scaling 2x from 640x480 with engine=2x_AnimeJaNai_V2_SuperUltraCompact_100k; num_streams=2
2023-06-22 11:55:19 DEBUG    upscale2x: scaling 2x from 768x576 with engine=2x_AnimeJaNai_V2_Compact_36k; num_streams=2
2023-06-22 11:55:20 DEBUG    upscale2x: scaling 2x from 1440x1080 with engine=2x_AnimeJaNai_V2_Compact_36k; num_streams=2
2023-06-22 11:55:33 DEBUG    upscale2x: scaling 2x from 768x576 with engine=2x_AnimeJaNai_V2_Compact_36k; num_streams=2
2023-06-22 11:55:33 DEBUG    upscale2x: scaling 2x from 1440x1080 with engine=2x_AnimeJaNai_V2_UltraCompact_30k; num_streams=2
2023-06-22 11:55:41 DEBUG    upscale2x: scaling 2x from 768x576 with engine=2x_AnimeJaNai_V2_Compact_36k; num_streams=2
2023-06-22 11:55:42 DEBUG    upscale2x: scaling 2x from 1440x1080 with engine=2x_AnimeJaNai_V2_SuperUltraCompact_100k; num_streams=2
2023-06-22 11:55:48 DEBUG    upscale2x: scaling 2x from 768x576 with engine=2x_AnimeJaNai_V2_Compact_36k; num_streams=2
2023-06-22 11:55:52 DEBUG    upscale2x: scaling 2x from 768x576 with engine=2x_AnimeJaNai_V2_UltraCompact_30k; num_streams=2
2023-06-22 11:55:52 DEBUG    upscale2x: scaling 2x from 1440x1080 with engine=2x_AnimeJaNai_V2_UltraCompact_30k; num_streams=2
2023-06-22 11:55:59 DEBUG    upscale2x: scaling 2x from 768x576 with engine=2x_AnimeJaNai_V2_UltraCompact_30k; num_streams=2
2023-06-22 11:56:00 DEBUG    upscale2x: scaling 2x from 1440x1080 with engine=2x_AnimeJaNai_V2_SuperUltraCompact_100k; num_streams=2
2023-06-22 11:56:06 DEBUG    upscale2x: scaling 2x from 768x576 with engine=2x_AnimeJaNai_V2_UltraCompact_30k; num_streams=2
2023-06-22 11:56:08 DEBUG    upscale2x: scaling 2x from 768x576 with engine=2x_AnimeJaNai_V2_SuperUltraCompact_100k; num_streams=2
2023-06-22 11:56:08 DEBUG    upscale2x: scaling 2x from 1440x1080 with engine=2x_AnimeJaNai_V2_SuperUltraCompact_100k; num_streams=2
2023-06-22 11:56:15 DEBUG    upscale2x: scaling 2x from 768x576 with engine=2x_AnimeJaNai_V2_SuperUltraCompact_100k; num_streams=2
2023-06-22 13:28:38 DEBUG    upscale2x: scaling 2x from 1920x1080 with engine=2x_AnimeJaNai_V2_Compact_36k; num_streams=2
2023-06-22 14:30:11 DEBUG    upscale2x: scaling 2x from 1920x1080 with engine=2x_AnimeJaNai_V2_Compact_36k; num_streams=2
2023-06-22 14:30:22 DEBUG    upscale2x: scaling 2x from 1920x1080 with engine=2x_AnimeJaNai_V2_Compact_36k; num_streams=2
2023-06-22 14:30:40 DEBUG    upscale2x: scaling 2x from 1920x1080 with engine=2x_AnimeJaNai_V2_Compact_36k; num_streams=2
2023-06-22 18:04:35 DEBUG    upscale2x: scaling 2x from 1920x1080 with engine=2x_AnimeJaNai_V2_Compact_36k; num_streams=2
2023-06-22 18:05:05 DEBUG    upscale2x: scaling 2x from 1920x1080 with engine=2x_AnimeJaNai_V2_Compact_36k; num_streams=2
2023-06-22 18:05:14 DEBUG    upscale2x: scaling 2x from 1920x1080 with engine=2x_AnimeJaNai_V2_Compact_36k; num_streams=2
2023-06-22 18:05:36 DEBUG    upscale2x: scaling 2x from 1920x1080 with engine=2x_AnimeJaNai_V2_Compact_36k; num_streams=2
2023-06-22 18:06:54 DEBUG    upscale2x: scaling 2x from 1920x1080 with engine=2x_AnimeJaNai_V2_Compact_36k; num_streams=2
2023-06-22 18:38:23 DEBUG    upscale2x: scaling 2x from 1920x1080 with engine=2x_AnimeJaNai_V2_Compact_36k; num_streams=2
2023-06-22 18:39:38 DEBUG    upscale2x: scaling 2x from 1920x1080 with engine=2x_AnimeJaNai_V2_Compact_36k; num_streams=2
2023-06-22 18:40:16 DEBUG    upscale2x: scaling 2x from 1920x1080 with engine=2x_AnimeJaNai_V2_Compact_36k; num_streams=2
2023-06-22 18:41:27 DEBUG    upscale2x: scaling 2x from 1920x1080 with engine=2x_AnimeJaNai_V2_Compact_36k; num_streams=2
2023-06-22 18:42:21 DEBUG    upscale2x: scaling 2x from 1920x1080 with engine=2x_AnimeJaNai_V2_Compact_36k; num_streams=2

2023-06-22 20:19:28 DEBUG    {'global': {'logging': True}, 'slot_1': {'chain_1': {'min_px': 921600.0, 'max_px': 2073600.0, 'min_fps': 0.0, 'max_fps': 30.0, 'models': [{'resize_factor_before_upscale': 1.0, 'resize_height_before_upscale': 1080.0, 'name': '2x_AnimeJaNai_V2_Compact_36k'}], 'rife': False}, 'chain_2': {'min_px': 0.0, 'max_px': 921600.0, 'min_fps': 0.0, 'max_fps': 30.0, 'models': [{'resize_factor_before_upscale': 1.0, 'resize_height_before_upscale': 0.0, 'name': '2x_AnimeJaNai_V2_Compact_36k'}, {'resize_factor_before_upscale': 1.0, 'resize_height_before_upscale': 0.0, 'name': '2x_AnimeJaNai_V2_Compact_36k'}], 'rife': False}}, 'slot_2': {'chain_1': {'min_px': 921600.0, 'max_px': 2073600.0, 'min_fps': 0.0, 'max_fps': 30.0, 'models': [{'resize_factor_before_upscale': 1.0, 'resize_height_before_upscale': 0.0, 'name': '2x_AnimeJaNai_V2_UltraCompact_30k'}], 'rife': False}, 'chain_2': {'min_px': 0.0, 'max_px': 921600.0, 'min_fps': 0.0, 'max_fps': 30.0, 'models': [{'resize_factor_before_upscale': 1.0, 'resize_height_before_upscale': 0.0, 'name': '2x_AnimeJaNai_V2_Compact_36k'}, {'resize_factor_before_upscale': 1.0, 'resize_height_before_upscale': 0.0, 'name': '2x_AnimeJaNai_V2_SuperUltraCompact_100k'}], 'rife': False}}, 'slot_3': {'chain_1': {'min_px': 0.0, 'max_px': inf, 'min_fps': 0.0, 'max_fps': inf, 'models': [{'resize_factor_before_upscale': 1.0, 'resize_height_before_upscale': 480.0, 'name': '2x_AnimeJaNai_V2_Compact_36k'}, {'resize_factor_before_upscale': 1.0, 'resize_height_before_upscale': 0.0, 'name': '2x_AnimeJaNai_V2_UltraCompact_30k'}], 'rife': False}}, 'slot_4': {'chain_1': {'min_px': 0.0, 'max_px': inf, 'min_fps': 0.0, 'max_fps': inf, 'models': [{'resize_factor_before_upscale': 1.0, 'resize_height_before_upscale': 360.0, 'name': '2x_AnimeJaNai_V2_Compact_36k'}, {'resize_factor_before_upscale': 1.0, 'resize_height_before_upscale': 0.0, 'name': '2x_AnimeJaNai_V2_UltraCompact_30k'}], 'rife': False}}, 'slot_5': {'chain_1': {'min_px': 0.0, 'max_px': 307200.0, 'min_fps': 0.0, 'max_fps': 30.0, 'models': [{'resize_factor_before_upscale': 1.0, 'resize_height_before_upscale': 0.0, 'name': '2x_AnimeJaNai_V2_SuperUltraCompact_100k'}], 'rife': True}}, 'slot_6': {'chain_1': {'min_px': 0.0, 'max_px': inf, 'min_fps': 0.0, 'max_fps': inf, 'models': [], 'rife': True}}, 'slot_7': {}, 'slot_8': {}, 'slot_9': {}, 'slot_10': {'chain_1': {'min_px': 0.0, 'max_px': 921600.0, 'min_fps': 0.0, 'max_fps': inf, 'models': [{'resize_factor_before_upscale': 1.0, 'resize_height_before_upscale': 0.0, 'name': '2x_AnimeJaNai_V2_Compact_36k'}, {'resize_factor_before_upscale': 1.0, 'resize_height_before_upscale': 0.0, 'name': '2x_AnimeJaNai_V2_Compact_36k'}], 'rife': False}, 'chain_2': {'min_px': 921600.0, 'max_px': 2073600.0, 'min_fps': 0.0, 'max_fps': inf, 'models': [{'resize_factor_before_upscale': 1.0, 'resize_height_before_upscale': 0.0, 'name': '2x_AnimeJaNai_V2_Compact_36k'}], 'rife': False}}, 'slot_11': {'chain_1': {'min_px': 0.0, 'max_px': 921600.0, 'min_fps': 0.0, 'max_fps': inf, 'models': [{'resize_factor_before_upscale': 1.0, 'resize_height_before_upscale': 0.0, 'name': '2x_AnimeJaNai_V2_Compact_36k'}, {'resize_factor_before_upscale': 1.0, 'resize_height_before_upscale': 0.0, 'name': '2x_AnimeJaNai_V2_UltraCompact_30k'}], 'rife': False}, 'chain_2': {'min_px': 921600.0, 'max_px': 2073600.0, 'min_fps': 0.0, 'max_fps': inf, 'models': [{'resize_factor_before_upscale': 1.0, 'resize_height_before_upscale': 0.0, 'name': '2x_AnimeJaNai_V2_UltraCompact_30k'}], 'rife': False}}, 'slot_12': {'chain_1': {'min_px': 0.0, 'max_px': 921600.0, 'min_fps': 0.0, 'max_fps': inf, 'models': [{'resize_factor_before_upscale': 1.0, 'resize_height_before_upscale': 0.0, 'name': '2x_AnimeJaNai_V2_Compact_36k'}, {'resize_factor_before_upscale': 1.0, 'resize_height_before_upscale': 0.0, 'name': '2x_AnimeJaNai_V2_SuperUltraCompact_100k'}], 'rife': False}, 'chain_2': {'min_px': 921600.0, 'max_px': 2073600.0, 'min_fps': 0.0, 'max_fps': inf, 'models': [{'resize_factor_before_upscale': 1.0, 'resize_height_before_upscale': 0.0, 'name': '2x_AnimeJaNai_V2_SuperUltraCompact_100k'}], 'rife': False}}, 'slot_13': {'chain_1': {'min_px': 0.0, 'max_px': inf, 'min_fps': 0.0, 'max_fps': inf, 'models': [{'resize_factor_before_upscale': 1.0, 'resize_height_before_upscale': 0.0, 'name': '2x_AnimeJaNai_V2_Compact_36k'}], 'rife': False}}, 'slot_14': {'chain_1': {'min_px': 0.0, 'max_px': 921600.0, 'min_fps': 0.0, 'max_fps': inf, 'models': [{'resize_factor_before_upscale': 1.0, 'resize_height_before_upscale': 0.0, 'name': '2x_AnimeJaNai_V2_UltraCompact_30k'}, {'resize_factor_before_upscale': 1.0, 'resize_height_before_upscale': 0.0, 'name': '2x_AnimeJaNai_V2_UltraCompact_30k'}], 'rife': False}, 'chain_2': {'min_px': 921600.0, 'max_px': 2073600.0, 'min_fps': 0.0, 'max_fps': inf, 'models': [{'resize_factor_before_upscale': 1.0, 'resize_height_before_upscale': 0.0, 'name': '2x_AnimeJaNai_V2_UltraCompact_30k'}], 'rife': False}}, 'slot_15': {'chain_1': {'min_px': 0.0, 'max_px': 921600.0, 'min_fps': 0.0, 'max_fps': inf, 'models': [{'resize_factor_before_upscale': 1.0, 'resize_height_before_upscale': 0.0, 'name': '2x_AnimeJaNai_V2_UltraCompact_30k'}, {'resize_factor_before_upscale': 1.0, 'resize_height_before_upscale': 0.0, 'name': '2x_AnimeJaNai_V2_SuperUltraCompact_100k'}], 'rife': False}, 'chain_2': {'min_px': 921600.0, 'max_px': 2073600.0, 'min_fps': 0.0, 'max_fps': inf, 'models': [{'resize_factor_before_upscale': 1.0, 'resize_height_before_upscale': 0.0, 'name': '2x_AnimeJaNai_V2_SuperUltraCompact_100k'}], 'rife': False}}, 'slot_16': {'chain_1': {'min_px': 0.0, 'max_px': inf, 'min_fps': 0.0, 'max_fps': inf, 'models': [{'resize_factor_before_upscale': 1.0, 'resize_height_before_upscale': 0.0, 'name': '2x_AnimeJaNai_V2_UltraCompact_30k'}], 'rife': False}}, 'slot_17': {'chain_1': {'min_px': 0.0, 'max_px': 921600.0, 'min_fps': 0.0, 'max_fps': inf, 'models': [{'resize_factor_before_upscale': 1.0, 'resize_height_before_upscale': 0.0, 'name': '2x_AnimeJaNai_V2_SuperUltraCompact_100k'}, {'resize_factor_before_upscale': 1.0, 'resize_height_before_upscale': 0.0, 'name': '2x_AnimeJaNai_V2_SuperUltraCompact_100k'}], 'rife': False}, 'chain_2': {'min_px': 921600.0, 'max_px': 2073600.0, 'min_fps': 0.0, 'max_fps': inf, 'models': [{'resize_factor_before_upscale': 1.0, 'resize_height_before_upscale': 0.0, 'name': '2x_AnimeJaNai_V2_SuperUltraCompact_100k'}], 'rife': False}}, 'slot_18': {'chain_1': {'min_px': 0.0, 'max_px': inf, 'min_fps': 0.0, 'max_fps': inf, 'models': [{'resize_factor_before_upscale': 1.0, 'resize_height_before_upscale': 0.0, 'name': '2x_AnimeJaNai_V2_SuperUltraCompact_100k'}], 'rife': False}}, 'slot_1001': {'chain_1': {'min_px': 921600.0, 'max_px': 2073600.0, 'min_fps': 0.0, 'max_fps': 30.0, 'models': [{'resize_factor_before_upscale': 1.0, 'resize_height_before_upscale': 0.0, 'name': '2x_AnimeJaNai_V2_Compact_36k'}], 'rife': False}, 'chain_2': {'min_px': 0.0, 'max_px': 921600.0, 'min_fps': 0.0, 'max_fps': 30.0, 'models': [{'resize_factor_before_upscale': 1.0, 'resize_height_before_upscale': 0.0, 'name': '2x_AnimeJaNai_V2_Compact_36k'}, {'resize_factor_before_upscale': 1.0, 'resize_height_before_upscale': 0.0, 'name': '2x_AnimeJaNai_V2_Compact_36k'}], 'rife': False}}, 'slot_1002': {'chain_1': {'min_px': 921600.0, 'max_px': 2073600.0, 'min_fps': 0.0, 'max_fps': 30.0, 'models': [{'resize_factor_before_upscale': 1.0, 'resize_height_before_upscale': 0.0, 'name': '2x_AnimeJaNai_V2_UltraCompact_30k'}], 'rife': False}, 'chain_2': {'min_px': 0.0, 'max_px': 921600.0, 'min_fps': 0.0, 'max_fps': 30.0, 'models': [{'resize_factor_before_upscale': 1.0, 'resize_height_before_upscale': 0.0, 'name': '2x_AnimeJaNai_V2_UltraCompact_30k'}, {'resize_factor_before_upscale': 1.0, 'resize_height_before_upscale': 0.0, 'name': '2x_AnimeJaNai_V2_UltraCompact_30k'}], 'rife': False}}, 'slot_1003': {'chain_1': {'min_px': 921600.0, 'max_px': 2073600.0, 'min_fps': 0.0, 'max_fps': 30.0, 'models': [{'resize_factor_before_upscale': 1.0, 'resize_height_before_upscale': 0.0, 'name': '2x_AnimeJaNai_V2_SuperUltraCompact_100k'}], 'rife': False}, 'chain_2': {'min_px': 0.0, 'max_px': 921600.0, 'min_fps': 0.0, 'max_fps': 30.0, 'models': [{'resize_factor_before_upscale': 1.0, 'resize_height_before_upscale': 0.0, 'name': '2x_AnimeJaNai_V2_SuperUltraCompact_100k'}, {'resize_factor_before_upscale': 1.0, 'resize_height_before_upscale': 0.0, 'name': '2x_AnimeJaNai_V2_SuperUltraCompact_100k'}], 'rife': False}}, 'slot_1004': {'chain_1': {'min_px': 0.0, 'max_px': 2073600.0, 'min_fps': 0.0, 'max_fps': inf, 'models': [{'resize_factor_before_upscale': 1.0, 'resize_height_before_upscale': 0.0, 'name': '2x_AnimeJaNai_V2_Compact_36k'}], 'rife': False}}, 'slot_1005': {'chain_1': {'min_px': 0.0, 'max_px': 2073600.0, 'min_fps': 0.0, 'max_fps': inf, 'models': [{'resize_factor_before_upscale': 1.0, 'resize_height_before_upscale': 0.0, 'name': '2x_AnimeJaNai_V2_UltraCompact_30k'}], 'rife': False}}, 'slot_1006': {'chain_1': {'min_px': 0.0, 'max_px': 2073600.0, 'min_fps': 0.0, 'max_fps': inf, 'models': [{'resize_factor_before_upscale': 1.0, 'resize_height_before_upscale': 0.0, 'name': '2x_AnimeJaNai_V2_SuperUltraCompact_100k'}], 'rife': False}}}
2023-06-22 20:42:12 DEBUG    {'slot_1001': {'chain_1': {'min_px': 921600.0, 'max_px': 2073600.0, 'min_fps': 0.0, 'max_fps': 30.0, 'models': [{'resize_factor_before_upscale': 1.0, 'resize_height_before_upscale': 0.0, 'name': '2x_AnimeJaNai_V2_Compact_36k'}], 'rife': False}, 'chain_2': {'min_px': 0.0, 'max_px': 921600.0, 'min_fps': 0.0, 'max_fps': 30.0, 'models': [{'resize_factor_before_upscale': 1.0, 'resize_height_before_upscale': 0.0, 'name': '2x_AnimeJaNai_V2_Compact_36k'}, {'resize_factor_before_upscale': 1.0, 'resize_height_before_upscale': 0.0, 'name': '2x_AnimeJaNai_V2_Compact_36k'}], 'rife': False}}, 'slot_1002': {'chain_1': {'min_px': 921600.0, 'max_px': 2073600.0, 'min_fps': 0.0, 'max_fps': 30.0, 'models': [{'resize_factor_before_upscale': 1.0, 'resize_height_before_upscale': 0.0, 'name': '2x_AnimeJaNai_V2_UltraCompact_30k'}], 'rife': False}, 'chain_2': {'min_px': 0.0, 'max_px': 921600.0, 'min_fps': 0.0, 'max_fps': 30.0, 'models': [{'resize_factor_before_upscale': 1.0, 'resize_height_before_upscale': 0.0, 'name': '2x_AnimeJaNai_V2_UltraCompact_30k'}, {'resize_factor_before_upscale': 1.0, 'resize_height_before_upscale': 0.0, 'name': '2x_AnimeJaNai_V2_UltraCompact_30k'}], 'rife': False}}, 'slot_1003': {'chain_1': {'min_px': 921600.0, 'max_px': 2073600.0, 'min_fps': 0.0, 'max_fps': 30.0, 'models': [{'resize_factor_before_upscale': 1.0, 'resize_height_before_upscale': 0.0, 'name': '2x_AnimeJaNai_V2_SuperUltraCompact_100k'}], 'rife': False}, 'chain_2': {'min_px': 0.0, 'max_px': 921600.0, 'min_fps': 0.0, 'max_fps': 30.0, 'models': [{'resize_factor_before_upscale': 1.0, 'resize_height_before_upscale': 0.0, 'name': '2x_AnimeJaNai_V2_SuperUltraCompact_100k'}, {'resize_factor_before_upscale': 1.0, 'resize_height_before_upscale': 0.0, 'name': '2x_AnimeJaNai_V2_SuperUltraCompact_100k'}], 'rife': False}}, 'slot_1004': {'chain_1': {'min_px': 0.0, 'max_px': 2073600.0, 'min_fps': 0.0, 'max_fps': inf, 'models': [{'resize_factor_before_upscale': 1.0, 'resize_height_before_upscale': 0.0, 'name': '2x_AnimeJaNai_V2_Compact_36k'}], 'rife': False}}, 'slot_1005': {'chain_1': {'min_px': 0.0, 'max_px': 2073600.0, 'min_fps': 0.0, 'max_fps': inf, 'models': [{'resize_factor_before_upscale': 1.0, 'resize_height_before_upscale': 0.0, 'name': '2x_AnimeJaNai_V2_UltraCompact_30k'}], 'rife': False}}, 'slot_1006': {'chain_1': {'min_px': 0.0, 'max_px': 2073600.0, 'min_fps': 0.0, 'max_fps': inf, 'models': [{'resize_factor_before_upscale': 1.0, 'resize_height_before_upscale': 0.0, 'name': '2x_AnimeJaNai_V2_SuperUltraCompact_100k'}], 'rife': False}}, 'global': {'logging': True}, 'slot_1': {'chain_1': {'min_px': 921600.0, 'max_px': 2073600.0, 'min_fps': 0.0, 'max_fps': 30.0, 'models': [{'resize_factor_before_upscale': 1.0, 'resize_height_before_upscale': 1080.0, 'name': '2x_AnimeJaNai_V2_Compact_36k'}], 'rife': False}, 'chain_2': {'min_px': 0.0, 'max_px': 921600.0, 'min_fps': 0.0, 'max_fps': 30.0, 'models': [{'resize_factor_before_upscale': 1.0, 'resize_height_before_upscale': 0.0, 'name': '2x_AnimeJaNai_V2_Compact_36k'}, {'resize_factor_before_upscale': 1.0, 'resize_height_before_upscale': 0.0, 'name': '2x_AnimeJaNai_V2_Compact_36k'}], 'rife': False}}, 'slot_2': {'chain_1': {'min_px': 921600.0, 'max_px': 2073600.0, 'min_fps': 0.0, 'max_fps': 30.0, 'models': [{'resize_factor_before_upscale': 1.0, 'resize_height_before_upscale': 0.0, 'name': '2x_AnimeJaNai_V2_UltraCompact_30k'}], 'rife': False}, 'chain_2': {'min_px': 0.0, 'max_px': 921600.0, 'min_fps': 0.0, 'max_fps': 30.0, 'models': [{'resize_factor_before_upscale': 1.0, 'resize_height_before_upscale': 0.0, 'name': '2x_AnimeJaNai_V2_Compact_36k'}, {'resize_factor_before_upscale': 1.0, 'resize_height_before_upscale': 0.0, 'name': '2x_AnimeJaNai_V2_SuperUltraCompact_100k'}], 'rife': False}}, 'slot_3': {'chain_1': {'min_px': 0.0, 'max_px': inf, 'min_fps': 0.0, 'max_fps': inf, 'models': [{'resize_factor_before_upscale': 1.0, 'resize_height_before_upscale': 480.0, 'name': '2x_AnimeJaNai_V2_Compact_36k'}, {'resize_factor_before_upscale': 1.0, 'resize_height_before_upscale': 0.0, 'name': '2x_AnimeJaNai_V2_UltraCompact_30k'}], 'rife': False}}, 'slot_4': {'chain_1': {'min_px': 0.0, 'max_px': inf, 'min_fps': 0.0, 'max_fps': inf, 'models': [{'resize_factor_before_upscale': 1.0, 'resize_height_before_upscale': 360.0, 'name': '2x_AnimeJaNai_V2_Compact_36k'}, {'resize_factor_before_upscale': 1.0, 'resize_height_before_upscale': 0.0, 'name': '2x_AnimeJaNai_V2_UltraCompact_30k'}], 'rife': False}}, 'slot_5': {'chain_1': {'min_px': 0.0, 'max_px': 307200.0, 'min_fps': 0.0, 'max_fps': 30.0, 'models': [{'resize_factor_before_upscale': 1.0, 'resize_height_before_upscale': 0.0, 'name': '2x_AnimeJaNai_V2_SuperUltraCompact_100k'}], 'rife': True}}, 'slot_6': {'chain_1': {'min_px': 0.0, 'max_px': inf, 'min_fps': 0.0, 'max_fps': inf, 'models': [], 'rife': True}}, 'slot_7': {}, 'slot_8': {}, 'slot_9': {}, 'slot_10': {'chain_1': {'min_px': 0.0, 'max_px': 921600.0, 'min_fps': 0.0, 'max_fps': inf, 'models': [{'resize_factor_before_upscale': 1.0, 'resize_height_before_upscale': 0.0, 'name': '2x_AnimeJaNai_V2_Compact_36k'}, {'resize_factor_before_upscale': 1.0, 'resize_height_before_upscale': 0.0, 'name': '2x_AnimeJaNai_V2_Compact_36k'}], 'rife': False}, 'chain_2': {'min_px': 921600.0, 'max_px': 2073600.0, 'min_fps': 0.0, 'max_fps': inf, 'models': [{'resize_factor_before_upscale': 1.0, 'resize_height_before_upscale': 0.0, 'name': '2x_AnimeJaNai_V2_Compact_36k'}], 'rife': False}}, 'slot_11': {'chain_1': {'min_px': 0.0, 'max_px': 921600.0, 'min_fps': 0.0, 'max_fps': inf, 'models': [{'resize_factor_before_upscale': 1.0, 'resize_height_before_upscale': 0.0, 'name': '2x_AnimeJaNai_V2_Compact_36k'}, {'resize_factor_before_upscale': 1.0, 'resize_height_before_upscale': 0.0, 'name': '2x_AnimeJaNai_V2_UltraCompact_30k'}], 'rife': False}, 'chain_2': {'min_px': 921600.0, 'max_px': 2073600.0, 'min_fps': 0.0, 'max_fps': inf, 'models': [{'resize_factor_before_upscale': 1.0, 'resize_height_before_upscale': 0.0, 'name': '2x_AnimeJaNai_V2_UltraCompact_30k'}], 'rife': False}}, 'slot_12': {'chain_1': {'min_px': 0.0, 'max_px': 921600.0, 'min_fps': 0.0, 'max_fps': inf, 'models': [{'resize_factor_before_upscale': 1.0, 'resize_height_before_upscale': 0.0, 'name': '2x_AnimeJaNai_V2_Compact_36k'}, {'resize_factor_before_upscale': 1.0, 'resize_height_before_upscale': 0.0, 'name': '2x_AnimeJaNai_V2_SuperUltraCompact_100k'}], 'rife': False}, 'chain_2': {'min_px': 921600.0, 'max_px': 2073600.0, 'min_fps': 0.0, 'max_fps': inf, 'models': [{'resize_factor_before_upscale': 1.0, 'resize_height_before_upscale': 0.0, 'name': '2x_AnimeJaNai_V2_SuperUltraCompact_100k'}], 'rife': False}}, 'slot_13': {'chain_1': {'min_px': 0.0, 'max_px': inf, 'min_fps': 0.0, 'max_fps': inf, 'models': [{'resize_factor_before_upscale': 1.0, 'resize_height_before_upscale': 0.0, 'name': '2x_AnimeJaNai_V2_Compact_36k'}], 'rife': False}}, 'slot_14': {'chain_1': {'min_px': 0.0, 'max_px': 921600.0, 'min_fps': 0.0, 'max_fps': inf, 'models': [{'resize_factor_before_upscale': 1.0, 'resize_height_before_upscale': 0.0, 'name': '2x_AnimeJaNai_V2_UltraCompact_30k'}, {'resize_factor_before_upscale': 1.0, 'resize_height_before_upscale': 0.0, 'name': '2x_AnimeJaNai_V2_UltraCompact_30k'}], 'rife': False}, 'chain_2': {'min_px': 921600.0, 'max_px': 2073600.0, 'min_fps': 0.0, 'max_fps': inf, 'models': [{'resize_factor_before_upscale': 1.0, 'resize_height_before_upscale': 0.0, 'name': '2x_AnimeJaNai_V2_UltraCompact_30k'}], 'rife': False}}, 'slot_15': {'chain_1': {'min_px': 0.0, 'max_px': 921600.0, 'min_fps': 0.0, 'max_fps': inf, 'models': [{'resize_factor_before_upscale': 1.0, 'resize_height_before_upscale': 0.0, 'name': '2x_AnimeJaNai_V2_UltraCompact_30k'}, {'resize_factor_before_upscale': 1.0, 'resize_height_before_upscale': 0.0, 'name': '2x_AnimeJaNai_V2_SuperUltraCompact_100k'}], 'rife': False}, 'chain_2': {'min_px': 921600.0, 'max_px': 2073600.0, 'min_fps': 0.0, 'max_fps': inf, 'models': [{'resize_factor_before_upscale': 1.0, 'resize_height_before_upscale': 0.0, 'name': '2x_AnimeJaNai_V2_SuperUltraCompact_100k'}], 'rife': False}}, 'slot_16': {'chain_1': {'min_px': 0.0, 'max_px': inf, 'min_fps': 0.0, 'max_fps': inf, 'models': [{'resize_factor_before_upscale': 1.0, 'resize_height_before_upscale': 0.0, 'name': '2x_AnimeJaNai_V2_UltraCompact_30k'}], 'rife': False}}, 'slot_17': {'chain_1': {'min_px': 0.0, 'max_px': 921600.0, 'min_fps': 0.0, 'max_fps': inf, 'models': [{'resize_factor_before_upscale': 1.0, 'resize_height_before_upscale': 0.0, 'name': '2x_AnimeJaNai_V2_SuperUltraCompact_100k'}, {'resize_factor_before_upscale': 1.0, 'resize_height_before_upscale': 0.0, 'name': '2x_AnimeJaNai_V2_SuperUltraCompact_100k'}], 'rife': False}, 'chain_2': {'min_px': 921600.0, 'max_px': 2073600.0, 'min_fps': 0.0, 'max_fps': inf, 'models': [{'resize_factor_before_upscale': 1.0, 'resize_height_before_upscale': 0.0, 'name': '2x_AnimeJaNai_V2_SuperUltraCompact_100k'}], 'rife': False}}, 'slot_18': {'chain_1': {'min_px': 0.0, 'max_px': inf, 'min_fps': 0.0, 'max_fps': inf, 'models': [{'resize_factor_before_upscale': 1.0, 'resize_height_before_upscale': 0.0, 'name': '2x_AnimeJaNai_V2_SuperUltraCompact_100k'}], 'rife': False}}}
2023-06-22 20:42:54 DEBUG    run_animejanai slot 1001 {'min_px': 921600.0, 'max_px': 2073600.0, 'min_fps': 0.0, 'max_fps': 30.0, 'models': [{'resize_factor_before_upscale': 1.0, 'resize_height_before_upscale': 0.0, 'name': '2x_AnimeJaNai_V2_Compact_36k'}], 'rife': False}
2023-06-22 20:42:54 DEBUG    upscale2x: scaling 2x from 1920x1080 with engine=2x_AnimeJaNai_V2_Compact_36k; num_streams=2
2023-06-22 20:43:09 DEBUG    run_animejanai slot 1003 {'min_px': 921600.0, 'max_px': 2073600.0, 'min_fps': 0.0, 'max_fps': 30.0, 'models': [{'resize_factor_before_upscale': 1.0, 'resize_height_before_upscale': 0.0, 'name': '2x_AnimeJaNai_V2_SuperUltraCompact_100k'}], 'rife': False}
2023-06-22 20:43:09 DEBUG    upscale2x: scaling 2x from 1920x1080 with engine=2x_AnimeJaNai_V2_SuperUltraCompact_100k; num_streams=2
2023-06-22 20:43:35 DEBUG    run_animejanai slot 1002 {'min_px': 921600.0, 'max_px': 2073600.0, 'min_fps': 0.0, 'max_fps': 30.0, 'models': [{'resize_factor_before_upscale': 1.0, 'resize_height_before_upscale': 0.0, 'name': '2x_AnimeJaNai_V2_UltraCompact_30k'}], 'rife': False}
2023-06-22 20:43:35 DEBUG    upscale2x: scaling 2x from 1920x1080 with engine=2x_AnimeJaNai_V2_UltraCompact_30k; num_streams=2
2023-06-22 20:44:48 DEBUG    run_animejanai slot 1 chain_1
2023-06-22 20:44:48 DEBUG    upscale2x: scaling 2x from 1920x1080 with engine=2x_AnimeJaNai_V2_Compact_36k; num_streams=2
2023-06-22 20:46:51 DEBUG    run_animejanai slot 1 chain_1
2023-06-22 20:46:51 DEBUG    upscale2x: scaling 2x from 1920x1080 with engine=2x_AnimeJaNai_V2_Compact_36k; num_streams=2
